<?xml version="1.0" encoding="UTF-8"?>
<!-- Generated by org.testng.reporters.JUnitReportReporter -->
<testsuite skipped="0" hostname="DESKTOP-QJK9VAS" name="runners.TestNGParallelRunner" tests="3" failures="0" timestamp="2021-11-16T12:32:20 IST" time="43.508" errors="0">
  <testcase name="runScenario" time="15.133" classname="runners.TestNGParallelRunner"/>
  <system-out/>
  <testcase name="runScenario" time="15.460" classname="runners.TestNGParallelRunner"/>
  <system-out/>
  <testcase name="runScenario" time="12.915" classname="runners.TestNGParallelRunner"/>
  <system-out/>
</testsuite> <!-- runners.TestNGParallelRunner -->
