<?xml version="1.0" encoding="UTF-8"?>
<!-- Generated by org.testng.reporters.JUnitReportReporter -->
<testsuite skipped="0" hostname="DESKTOP-QJK9VAS" name="runners.RerunRunner" tests="1" failures="0" timestamp="2021-11-16T13:03:28 IST" time="10.973" errors="0">
  <testcase name="runScenario" time="10.973" classname="runners.RerunRunner"/>
  <system-out/>
</testsuite> <!-- runners.RerunRunner -->
